1000,CLOUD,MALE,25,12-05-1981
1010,CLOUD,MALE,26,12-05-1982
1011,CLOUD,FEMALE,30,13-05-1982
1012,CLOUD,MALE,27,12-05-1983
1013,CLOUD,FEMALE,29,14-05-1983
1014,CLOUD,MALE,28,12-05-1984
1015,CLOUD,FEMALE,28,15-05-1984
1016,CLOUD,MALE,29,12-05-1985
1017,CLOUD,FEMALE,27,16-05-1985
1018,CLOUD,MALE,30,12-05-1986
1019,CLOUD,FEMALE,24,16-05-1986
1020,CLOUD,MALE,31,12-05-1987
1021,CLOUD,FEMALE,25,17-05-1987
1020,CLOUD,MALE,32,12-05-1988
1021,CLOUD,FEMALE,26,18-05-1988
1022,FSI,FEMALE,28,15-09-1983
1023,FSI,MALE,25,12-05-1981
1024,FSI,MALE,26,12-05-1982
1025,FSI,FEMALE,30,13-05-1982
1026,FSI,MALE,27,12-05-1983
1027,FSI,FEMALE,29,14-05-1983
1028,FSI,MALE,28,12-05-1984
1029,FSI,FEMALE,28,15-05-1984
1030,FSI,MALE,29,12-05-1985
1031,FSI,FEMALE,27,16-05-1985
1032,FSI,MALE,30,12-05-1986
1033,FSI,FEMALE,24,16-05-1986
1034,FSI,MALE,31,12-05-1987
1035,FSI,FEMALE,25,17-05-1987
1036,FSI,MALE,32,12-05-1988
1037,FSI,FEMALE,26,18-05-1988
1002,MFG,MALE,34,18-11-1990
1033,MFG,MALE,25,12-05-1981
1034,MFG,MALE,26,12-05-1982
1035,MFG,FEMALE,30,13-05-1982
1036,MFG,MALE,27,12-05-1983
1037,MFG,FEMALE,29,14-05-1983
1038,MFG,MALE,28,12-05-1984
1039,MFG,FEMALE,28,15-05-1984
1040,MFG,MALE,29,12-05-1985
1041,MFG,FEMALE,27,16-05-1985
1042,MFG,MALE,30,12-05-1986
1043,MFG,FEMALE,24,16-05-1986
1044,MFG,MALE,31,12-05-1987
1045,MFG,FEMALE,25,17-05-1987
1046,MFG,MALE,32,12-05-1988
1047,MFG,FEMALE,26,18-05-1988
1003,CLOUD,FEMALE,36,12-12-1992
1004,FSI,MALE,39,12-10-1989
1005,MFG,MALE,45,14-10-1990
1006,RTL,MALE,44,17-11-1991
1005,ETM,MALE,43,11-11-2001
1000,CLOUD,MALE,25,12-05-1981
1001,FSI,FEMALE,28,15-09-1983
1002,MFG,MALE,34,18-11-1990
1003,CLOUD,FEMALE,36,12-12-1992
1004,FSI,MALE,39,12-10-1989
1005,MFG,MALE,45,14-10-1990
1006,RTL,MALE,44,17-11-1991
1005,ETM,MALE,43,11-11-2001
1000,CLOUD,MALE,25,12-05-1981
1001,FSI,FEMALE,28,15-09-1983
1002,MFG,MALE,34,18-11-1990
1003,CLOUD,FEMALE,36,12-12-1992
1004,FSI,MALE,39,12-10-1989
1005,MFG,MALE,45,14-10-1990
1006,RTL,MALE,44,17-11-1991
1005,ETM,MALE,43,11-11-2001
1048,RTL,MALE,25,12-05-1981
1049,ETM,MALE,26,12-05-1982
1050,RTL,FEMALE,30,13-05-1982
1052,ETM,MALE,27,12-05-1983
1053,RTL,FEMALE,29,14-05-1983
1054,ETM,MALE,28,12-05-1984
1055,RTL,FEMALE,28,15-05-1984
1056,ETM,MALE,29,12-05-1985
1057,RTL,FEMALE,27,16-05-1985
1058,ETM,MALE,30,12-05-1986
1059,RTL,FEMALE,24,16-05-1986
1060,ETM,MALE,31,12-05-1987
1061,RTL,FEMALE,25,17-05-1987
1060,ETM,MALE,32,12-05-1988
1061,RTL,FEMALE,26,18-05-1988
1000,CLOUD,MALE,25,12-05-1981
1010,CLOUD,MALE,26,12-05-1982
1011,CLOUD,FEMALE,30,13-05-1982
1012,CLOUD,MALE,27,12-05-1983
1013,CLOUD,FEMALE,29,14-05-1983
1014,CLOUD,MALE,28,12-05-1984
1015,CLOUD,FEMALE,28,15-05-1984
1016,CLOUD,MALE,29,12-05-1985
1017,CLOUD,FEMALE,27,16-05-1985
1018,CLOUD,MALE,30,12-05-1986
1019,CLOUD,FEMALE,24,16-05-1986
1020,CLOUD,MALE,31,12-05-1987
1021,CLOUD,FEMALE,25,17-05-1987
1020,CLOUD,MALE,32,12-05-1988
1021,CLOUD,FEMALE,26,18-05-1988
1022,FSI,FEMALE,28,15-09-1983
1023,FSI,MALE,25,12-05-1981
1024,FSI,MALE,26,12-05-1982
1025,FSI,FEMALE,30,13-05-1982
1026,FSI,MALE,27,12-05-1983
1027,FSI,FEMALE,29,14-05-1983
1028,FSI,MALE,28,12-05-1984
1029,FSI,FEMALE,28,15-05-1984
1030,FSI,MALE,29,12-05-1985
1031,FSI,FEMALE,27,16-05-1985
1032,FSI,MALE,30,12-05-1986
1033,FSI,FEMALE,24,16-05-1986
1034,FSI,MALE,31,12-05-1987
1035,FSI,FEMALE,25,17-05-1987
1036,FSI,MALE,32,12-05-1988
1037,FSI,FEMALE,26,18-05-1988
1002,MFG,MALE,34,18-11-1990
1033,MFG,MALE,25,12-05-1981
1034,MFG,MALE,26,12-05-1982
1035,MFG,FEMALE,30,13-05-1982
1036,MFG,MALE,27,12-05-1983
1037,MFG,FEMALE,29,14-05-1983
1038,MFG,MALE,28,12-05-1984
1039,MFG,FEMALE,28,15-05-1984
1040,MFG,MALE,29,12-05-1985
1041,MFG,FEMALE,27,16-05-1985
1042,MFG,MALE,30,12-05-1986
1043,MFG,FEMALE,24,16-05-1986
1044,MFG,MALE,31,12-05-1987
1045,MFG,FEMALE,25,17-05-1987
1046,MFG,MALE,32,12-05-1988
1047,MFG,FEMALE,26,18-05-1988
1003,CLOUD,FEMALE,36,12-12-1992
1004,FSI,MALE,39,12-10-1989
1005,MFG,MALE,45,14-10-1990
1006,RTL,MALE,44,17-11-1991
1005,ETM,MALE,43,11-11-2001
1000,CLOUD,MALE,25,12-05-1981
1001,FSI,FEMALE,28,15-09-1983
1002,MFG,MALE,34,18-11-1990
1003,CLOUD,FEMALE,36,12-12-1992
1004,FSI,MALE,39,12-10-1989
1005,MFG,MALE,45,14-10-1990
1006,RTL,MALE,44,17-11-1991
1005,ETM,MALE,43,11-11-2001
1000,CLOUD,MALE,25,12-05-1981
1001,FSI,FEMALE,28,15-09-1983
1002,MFG,MALE,34,18-11-1990
1003,CLOUD,FEMALE,36,12-12-1992
1004,FSI,MALE,39,12-10-1989
1005,MFG,MALE,45,14-10-1990
1006,RTL,MALE,44,17-11-1991
1005,ETM,MALE,43,11-11-2001
1048,RTL,MALE,25,12-05-1981
1049,ETM,MALE,26,12-05-1982
1050,RTL,FEMALE,30,13-05-1982
1052,ETM,MALE,27,12-05-1983
1053,RTL,FEMALE,29,14-05-1983
1054,ETM,MALE,28,12-05-1984
1055,RTL,FEMALE,28,15-05-1984
1056,ETM,MALE,29,12-05-1985
1057,RTL,FEMALE,27,16-05-1985
1058,ETM,MALE,30,12-05-1986
1059,RTL,FEMALE,24,16-05-1986
1060,ETM,MALE,31,12-05-1987
1061,RTL,FEMALE,25,17-05-1987
1060,ETM,MALE,32,12-05-1988
1061,RTL,FEMALE,26,18-05-1988
1000,CLOUD,MALE,25,12-05-1981
1010,CLOUD,MALE,26,12-05-1982
1011,CLOUD,FEMALE,30,13-05-1982
1012,CLOUD,MALE,27,12-05-1983
1013,CLOUD,FEMALE,29,14-05-1983
1014,CLOUD,MALE,28,12-05-1984
1015,CLOUD,FEMALE,28,15-05-1984
1016,CLOUD,MALE,29,12-05-1985
1017,CLOUD,FEMALE,27,16-05-1985
1018,CLOUD,MALE,30,12-05-1986
1019,CLOUD,FEMALE,24,16-05-1986
1020,CLOUD,MALE,31,12-05-1987
1021,CLOUD,FEMALE,25,17-05-1987
1020,CLOUD,MALE,32,12-05-1988
1021,CLOUD,FEMALE,26,18-05-1988
1022,FSI,FEMALE,28,15-09-1983
1023,FSI,MALE,25,12-05-1981
1024,FSI,MALE,26,12-05-1982
1025,FSI,FEMALE,30,13-05-1982
1026,FSI,MALE,27,12-05-1983
1027,FSI,FEMALE,29,14-05-1983
1028,FSI,MALE,28,12-05-1984
1029,FSI,FEMALE,28,15-05-1984
1030,FSI,MALE,29,12-05-1985
1031,FSI,FEMALE,27,16-05-1985
1032,FSI,MALE,30,12-05-1986
1033,FSI,FEMALE,24,16-05-1986
1034,FSI,MALE,31,12-05-1987
1035,FSI,FEMALE,25,17-05-1987
1036,FSI,MALE,32,12-05-1988
1037,FSI,FEMALE,26,18-05-1988
1002,MFG,MALE,34,18-11-1990
1033,MFG,MALE,25,12-05-1981
1034,MFG,MALE,26,12-05-1982
1035,MFG,FEMALE,30,13-05-1982
1036,MFG,MALE,27,12-05-1983
1037,MFG,FEMALE,29,14-05-1983
1038,MFG,MALE,28,12-05-1984
1039,MFG,FEMALE,28,15-05-1984
1040,MFG,MALE,29,12-05-1985
1041,MFG,FEMALE,27,16-05-1985
1042,MFG,MALE,30,12-05-1986
1043,MFG,FEMALE,24,16-05-1986
1044,MFG,MALE,31,12-05-1987
1045,MFG,FEMALE,25,17-05-1987
1046,MFG,MALE,32,12-05-1988
1047,MFG,FEMALE,26,18-05-1988
1003,CLOUD,FEMALE,36,12-12-1992
1004,FSI,MALE,39,12-10-1989
1005,MFG,MALE,45,14-10-1990
1006,RTL,MALE,44,17-11-1991
1005,ETM,MALE,43,11-11-2001
1000,CLOUD,MALE,25,12-05-1981
1001,FSI,FEMALE,28,15-09-1983
1002,MFG,MALE,34,18-11-1990
1003,CLOUD,FEMALE,36,12-12-1992
1004,FSI,MALE,39,12-10-1989
1005,MFG,MALE,45,14-10-1990
1006,RTL,MALE,44,17-11-1991
1005,ETM,MALE,43,11-11-2001
1000,CLOUD,MALE,25,12-05-1981
1001,FSI,FEMALE,28,15-09-1983
1002,MFG,MALE,34,18-11-1990
1003,CLOUD,FEMALE,36,12-12-1992
1004,FSI,MALE,39,12-10-1989
1005,MFG,MALE,45,14-10-1990
1006,RTL,MALE,44,17-11-1991
1005,ETM,MALE,43,11-11-2001
1048,RTL,MALE,25,12-05-1981
1049,ETM,MALE,26,12-05-1982
1050,RTL,FEMALE,30,13-05-1982
1052,ETM,MALE,27,12-05-1983
1053,RTL,FEMALE,29,14-05-1983
1054,ETM,MALE,28,12-05-1984
1055,RTL,FEMALE,28,15-05-1984
1056,ETM,MALE,29,12-05-1985
1057,RTL,FEMALE,27,16-05-1985
1058,ETM,MALE,30,12-05-1986
1059,RTL,FEMALE,24,16-05-1986
1060,ETM,MALE,31,12-05-1987
1061,RTL,FEMALE,25,17-05-1987
1060,ETM,MALE,32,12-05-1988
1061,RTL,FEMALE,26,18-05-1988
1000,CLOUD,MALE,25,12-05-1981
1010,CLOUD,MALE,26,12-05-1982
1011,CLOUD,FEMALE,30,13-05-1982
1012,CLOUD,MALE,27,12-05-1983
1013,CLOUD,FEMALE,29,14-05-1983
1014,CLOUD,MALE,28,12-05-1984
1015,CLOUD,FEMALE,28,15-05-1984
1016,CLOUD,MALE,29,12-05-1985
1017,CLOUD,FEMALE,27,16-05-1985
1018,CLOUD,MALE,30,12-05-1986
1019,CLOUD,FEMALE,24,16-05-1986
1020,CLOUD,MALE,31,12-05-1987
1021,CLOUD,FEMALE,25,17-05-1987
1020,CLOUD,MALE,32,12-05-1988
1021,CLOUD,FEMALE,26,18-05-1988
1022,FSI,FEMALE,28,15-09-1983
1023,FSI,MALE,25,12-05-1981
1024,FSI,MALE,26,12-05-1982
1025,FSI,FEMALE,30,13-05-1982
1026,FSI,MALE,27,12-05-1983
1027,FSI,FEMALE,29,14-05-1983
1028,FSI,MALE,28,12-05-1984
1029,FSI,FEMALE,28,15-05-1984
1030,FSI,MALE,29,12-05-1985
1031,FSI,FEMALE,27,16-05-1985
1032,FSI,MALE,30,12-05-1986
1033,FSI,FEMALE,24,16-05-1986
1034,FSI,MALE,31,12-05-1987
1035,FSI,FEMALE,25,17-05-1987
1036,FSI,MALE,32,12-05-1988
1037,FSI,FEMALE,26,18-05-1988
1002,MFG,MALE,34,18-11-1990
1033,MFG,MALE,25,12-05-1981
1034,MFG,MALE,26,12-05-1982
1035,MFG,FEMALE,30,13-05-1982
1036,MFG,MALE,27,12-05-1983
1037,MFG,FEMALE,29,14-05-1983
1038,MFG,MALE,28,12-05-1984
1039,MFG,FEMALE,28,15-05-1984
1040,MFG,MALE,29,12-05-1985
1041,MFG,FEMALE,27,16-05-1985
1042,MFG,MALE,30,12-05-1986
1043,MFG,FEMALE,24,16-05-1986
1044,MFG,MALE,31,12-05-1987
1045,MFG,FEMALE,25,17-05-1987
1046,MFG,MALE,32,12-05-1988
1047,MFG,FEMALE,26,18-05-1988
1003,CLOUD,FEMALE,36,12-12-1992
1004,FSI,MALE,39,12-10-1989
1005,MFG,MALE,45,14-10-1990
1006,RTL,MALE,44,17-11-1991
1005,ETM,MALE,43,11-11-2001
1000,CLOUD,MALE,25,12-05-1981
1001,FSI,FEMALE,28,15-09-1983
1002,MFG,MALE,34,18-11-1990
1003,CLOUD,FEMALE,36,12-12-1992
1004,FSI,MALE,39,12-10-1989
1005,MFG,MALE,45,14-10-1990
1006,RTL,MALE,44,17-11-1991
1005,ETM,MALE,43,11-11-2001
1000,CLOUD,MALE,25,12-05-1981
1001,FSI,FEMALE,28,15-09-1983
1002,MFG,MALE,34,18-11-1990
1003,CLOUD,FEMALE,36,12-12-1992
1004,FSI,MALE,39,12-10-1989
1005,MFG,MALE,45,14-10-1990
1006,RTL,MALE,44,17-11-1991
1005,ETM,MALE,43,11-11-2001
1048,RTL,MALE,25,12-05-1981
1049,ETM,MALE,26,12-05-1982
1050,RTL,FEMALE,30,13-05-1982
1052,ETM,MALE,27,12-05-1983
1053,RTL,FEMALE,29,14-05-1983
1054,ETM,MALE,28,12-05-1984
1055,RTL,FEMALE,28,15-05-1984
1056,ETM,MALE,29,12-05-1985
1057,RTL,FEMALE,27,16-05-1985
1058,ETM,MALE,30,12-05-1986
1059,RTL,FEMALE,24,16-05-1986
1060,ETM,MALE,31,12-05-1987
1061,RTL,FEMALE,25,17-05-1987
1060,ETM,MALE,32,12-05-1988
1061,RTL,FEMALE,26,18-05-1988
1000,CLOUD,MALE,25,12-05-1981
1010,CLOUD,MALE,26,12-05-1982
1011,CLOUD,FEMALE,30,13-05-1982
1012,CLOUD,MALE,27,12-05-1983
1013,CLOUD,FEMALE,29,14-05-1983
1014,CLOUD,MALE,28,12-05-1984
1015,CLOUD,FEMALE,28,15-05-1984
1016,CLOUD,MALE,29,12-05-1985
1017,CLOUD,FEMALE,27,16-05-1985
1018,CLOUD,MALE,30,12-05-1986
1019,CLOUD,FEMALE,24,16-05-1986
1020,CLOUD,MALE,31,12-05-1987
1021,CLOUD,FEMALE,25,17-05-1987
1020,CLOUD,MALE,32,12-05-1988
1021,CLOUD,FEMALE,26,18-05-1988
1022,FSI,FEMALE,28,15-09-1983
1023,FSI,MALE,25,12-05-1981
1024,FSI,MALE,26,12-05-1982
1025,FSI,FEMALE,30,13-05-1982
1026,FSI,MALE,27,12-05-1983
1027,FSI,FEMALE,29,14-05-1983
1028,FSI,MALE,28,12-05-1984
1029,FSI,FEMALE,28,15-05-1984
1030,FSI,MALE,29,12-05-1985
1031,FSI,FEMALE,27,16-05-1985
1032,FSI,MALE,30,12-05-1986
1033,FSI,FEMALE,24,16-05-1986
1034,FSI,MALE,31,12-05-1987
1035,FSI,FEMALE,25,17-05-1987
1036,FSI,MALE,32,12-05-1988
1037,FSI,FEMALE,26,18-05-1988
1002,MFG,MALE,34,18-11-1990
1033,MFG,MALE,25,12-05-1981
1034,MFG,MALE,26,12-05-1982
1035,MFG,FEMALE,30,13-05-1982
1036,MFG,MALE,27,12-05-1983
1037,MFG,FEMALE,29,14-05-1983
1038,MFG,MALE,28,12-05-1984
1039,MFG,FEMALE,28,15-05-1984
1040,MFG,MALE,29,12-05-1985
1041,MFG,FEMALE,27,16-05-1985
1042,MFG,MALE,30,12-05-1986
1043,MFG,FEMALE,24,16-05-1986
1044,MFG,MALE,31,12-05-1987
1045,MFG,FEMALE,25,17-05-1987
1046,MFG,MALE,32,12-05-1988
1047,MFG,FEMALE,26,18-05-1988
1003,CLOUD,FEMALE,36,12-12-1992
1004,FSI,MALE,39,12-10-1989
1005,MFG,MALE,45,14-10-1990
1006,RTL,MALE,44,17-11-1991
1005,ETM,MALE,43,11-11-2001
1000,CLOUD,MALE,25,12-05-1981
1001,FSI,FEMALE,28,15-09-1983
1002,MFG,MALE,34,18-11-1990
1003,CLOUD,FEMALE,36,12-12-1992
1004,FSI,MALE,39,12-10-1989
1005,MFG,MALE,45,14-10-1990
1006,RTL,MALE,44,17-11-1991
1005,ETM,MALE,43,11-11-2001
1000,CLOUD,MALE,25,12-05-1981
1001,FSI,FEMALE,28,15-09-1983
1002,MFG,MALE,34,18-11-1990
1003,CLOUD,FEMALE,36,12-12-1992
1004,FSI,MALE,39,12-10-1989
1005,MFG,MALE,45,14-10-1990
1006,RTL,MALE,44,17-11-1991
1005,ETM,MALE,43,11-11-2001
1048,RTL,MALE,25,12-05-1981
1049,ETM,MALE,26,12-05-1982
1050,RTL,FEMALE,30,13-05-1982
1052,ETM,MALE,27,12-05-1983
1053,RTL,FEMALE,29,14-05-1983
1054,ETM,MALE,28,12-05-1984
1055,RTL,FEMALE,28,15-05-1984
1056,ETM,MALE,29,12-05-1985
1057,RTL,FEMALE,27,16-05-1985
1058,ETM,MALE,30,12-05-1986
1059,RTL,FEMALE,24,16-05-1986
1060,ETM,MALE,31,12-05-1987
1061,RTL,FEMALE,25,17-05-1987
1060,ETM,MALE,32,12-05-1988
1061,RTL,FEMALE,26,18-05-1988
1000,CLOUD,MALE,25,12-05-1981
1010,CLOUD,MALE,26,12-05-1982
1011,CLOUD,FEMALE,30,13-05-1982
1012,CLOUD,MALE,27,12-05-1983
1013,CLOUD,FEMALE,29,14-05-1983
1014,CLOUD,MALE,28,12-05-1984
1015,CLOUD,FEMALE,28,15-05-1984
1016,CLOUD,MALE,29,12-05-1985
1017,CLOUD,FEMALE,27,16-05-1985
1018,CLOUD,MALE,30,12-05-1986
1019,CLOUD,FEMALE,24,16-05-1986
1020,CLOUD,MALE,31,12-05-1987
1021,CLOUD,FEMALE,25,17-05-1987
1020,CLOUD,MALE,32,12-05-1988
1021,CLOUD,FEMALE,26,18-05-1988
1022,FSI,FEMALE,28,15-09-1983
1023,FSI,MALE,25,12-05-1981
1024,FSI,MALE,26,12-05-1982
1025,FSI,FEMALE,30,13-05-1982
1026,FSI,MALE,27,12-05-1983
1027,FSI,FEMALE,29,14-05-1983
1028,FSI,MALE,28,12-05-1984
1029,FSI,FEMALE,28,15-05-1984
1030,FSI,MALE,29,12-05-1985
1031,FSI,FEMALE,27,16-05-1985
1032,FSI,MALE,30,12-05-1986
1033,FSI,FEMALE,24,16-05-1986
1034,FSI,MALE,31,12-05-1987
1035,FSI,FEMALE,25,17-05-1987
1036,FSI,MALE,32,12-05-1988
1037,FSI,FEMALE,26,18-05-1988
1002,MFG,MALE,34,18-11-1990
1033,MFG,MALE,25,12-05-1981
1034,MFG,MALE,26,12-05-1982
1035,MFG,FEMALE,30,13-05-1982
1036,MFG,MALE,27,12-05-1983
1037,MFG,FEMALE,29,14-05-1983
1038,MFG,MALE,28,12-05-1984
1039,MFG,FEMALE,28,15-05-1984
1040,MFG,MALE,29,12-05-1985
1041,MFG,FEMALE,27,16-05-1985
1042,MFG,MALE,30,12-05-1986
1043,MFG,FEMALE,24,16-05-1986
1044,MFG,MALE,31,12-05-1987
1045,MFG,FEMALE,25,17-05-1987
1046,MFG,MALE,32,12-05-1988
1047,MFG,FEMALE,26,18-05-1988
1003,CLOUD,FEMALE,36,12-12-1992
1004,FSI,MALE,39,12-10-1989
1005,MFG,MALE,45,14-10-1990
1006,RTL,MALE,44,17-11-1991
1005,ETM,MALE,43,11-11-2001
1000,CLOUD,MALE,25,12-05-1981
1001,FSI,FEMALE,28,15-09-1983
1002,MFG,MALE,34,18-11-1990
1003,CLOUD,FEMALE,36,12-12-1992
1004,FSI,MALE,39,12-10-1989
1005,MFG,MALE,45,14-10-1990
1006,RTL,MALE,44,17-11-1991
1005,ETM,MALE,43,11-11-2001
1000,CLOUD,MALE,25,12-05-1981
1001,FSI,FEMALE,28,15-09-1983
1002,MFG,MALE,34,18-11-1990
1003,CLOUD,FEMALE,36,12-12-1992
1004,FSI,MALE,39,12-10-1989
1005,MFG,MALE,45,14-10-1990
1006,RTL,MALE,44,17-11-1991
1005,ETM,MALE,43,11-11-2001
1048,RTL,MALE,25,12-05-1981
1049,ETM,MALE,26,12-05-1982
1050,RTL,FEMALE,30,13-05-1982
1052,ETM,MALE,27,12-05-1983
1053,RTL,FEMALE,29,14-05-1983
1054,ETM,MALE,28,12-05-1984
1055,RTL,FEMALE,28,15-05-1984
1056,ETM,MALE,29,12-05-1985
1057,RTL,FEMALE,27,16-05-1985
1058,ETM,MALE,30,12-05-1986
1059,RTL,FEMALE,24,16-05-1986
1060,ETM,MALE,31,12-05-1987
1061,RTL,FEMALE,25,17-05-1987
1060,ETM,MALE,32,12-05-1988
1061,RTL,FEMALE,26,18-05-1988
1053,RTL,FEMALE,29,14-05-1983
1054,ETM,MALE,28,12-05-1984
